25/7/2025 12:53:31 [Hand]: S'ha produït un error: Cannot access a disposed object.
25/7/2025 12:53:31 [Hand]: Object name: 'ListView'.
25/7/2025 12:53:31 [Hand]: Detalls:    at System.Windows.Forms.Control.MarshaledInvoke(Control caller, Delegate method, Object[] args, Boolean synchronous)
25/7/2025 12:53:31 [Hand]:    at System.Windows.Forms.Control.Invoke(Delegate method, Object[] args)
25/7/2025 12:53:31 [Hand]:    at System.Windows.Forms.Control.Invoke(Delegate method)
25/7/2025 12:53:31 [Hand]:    at Examen.Professor.Formularis.FrmPrincipal.Invocar(Control control, Action accio) in D:\Privat\Programacio\Git\Examen\Professor\Formularis\FrmPrincipal.cs:line 297
25/7/2025 12:53:31 [Hand]:    at Examen.Professor.Formularis.FrmPrincipal.Callback(TipusMissatge tipusMissatge, EstacioAlumne estacioAlumne, String text, List`1 aplicacionsEnUs) in D:\Privat\Programacio\Git\Examen\Professor\Formularis\FrmPrincipal.cs:line 93
25/7/2025 12:53:31 [Hand]: S'ha produït un error: Not listening. You must call the Start() method before calling this method.
25/7/2025 12:53:31 [Hand]: Detalls:    at System.Net.Sockets.TcpListener.BeginAcceptTcpClient(AsyncCallback callback, Object state)
25/7/2025 12:53:31 [Hand]:    at Examen.Suport.Tcp.ServidorTcp.AcceptCallback(IAsyncResult ar) in D:\Privat\Programacio\Git\Examen\Suport\Tcp\ServidorTcp.cs:line 81
25/7/2025 13:08:47 [Hand]: S'ha produït un error: Cannot access a disposed object.
25/7/2025 13:08:47 [Hand]: Object name: 'ListView'.
25/7/2025 13:08:47 [Hand]: Detalls:    at System.Windows.Forms.Control.MarshaledInvoke(Control caller, Delegate method, Object[] args, Boolean synchronous)
25/7/2025 13:08:47 [Hand]:    at System.Windows.Forms.Control.Invoke(Delegate method, Object[] args)
25/7/2025 13:08:47 [Hand]:    at System.Windows.Forms.Control.Invoke(Delegate method)
25/7/2025 13:08:47 [Hand]:    at Examen.Professor.Formularis.FrmPrincipal.Invocar(Control control, Action accio) in D:\Privat\Programacio\Git\Examen\Professor\Formularis\FrmPrincipal.cs:line 300
25/7/2025 13:08:47 [Hand]:    at Examen.Professor.Formularis.FrmPrincipal.Callback(TipusMissatge tipusMissatge, EstacioAlumne estacioAlumne, String text, List`1 aplicacionsEnUs) in D:\Privat\Programacio\Git\Examen\Professor\Formularis\FrmPrincipal.cs:line 96
25/7/2025 13:22:18 [Hand]: S'ha produït un error: Unable to write data to the transport connection: Se ha forzado la interrupción de una conexión existente por el host remoto.

25/7/2025 13:22:18 [Hand]: Detalls:    at System.Net.Sockets.NetworkStream.Write(Byte[] buffer, Int32 offset, Int32 size)

25/7/2025 13:22:18 [Hand]:    at Examen.Suport.Tcp.ServidorTcp.AcceptCallback(IAsyncResult ar) in D:\Privat\Programacio\Git\Examen\Suport\Tcp\ServidorTcp.cs:line 68

25/7/2025 13:22:55 [Question]: Vols finalitzar el programa?

